mode: set
cow/interpreter.go:44.70,53.2 1 1
cow/interpreter.go:56.53,60.31 3 1
cow/interpreter.go:60.31,62.16 2 1
cow/interpreter.go:63.14,64.20 1 1
cow/interpreter.go:65.14,66.20 1 1
cow/interpreter.go:67.14,68.15 1 1
cow/interpreter.go:69.14,70.15 1 1
cow/interpreter.go:71.14,72.20 1 1
cow/interpreter.go:73.14,74.18 1 1
cow/interpreter.go:75.14,76.17 1 1
cow/interpreter.go:77.14,78.16 1 1
cow/interpreter.go:79.14,80.18 1 1
cow/interpreter.go:81.14,82.22 1 1
cow/interpreter.go:83.14,84.15 1 1
cow/interpreter.go:85.11,86.79 1 1
cow/interpreter.go:88.3,88.67 1 1
cow/interpreter.go:91.2,92.12 2 1
cow/interpreter.go:96.37,100.29 3 1
cow/interpreter.go:100.29,102.22 1 1
cow/interpreter.go:102.22,104.114 2 1
cow/interpreter.go:104.114,105.41 1 1
cow/interpreter.go:105.41,109.11 4 1
cow/interpreter.go:112.4,112.14 1 1
cow/interpreter.go:112.14,115.153 1 1
cow/interpreter.go:115.153,120.6 3 1
cow/interpreter.go:120.11,122.6 1 1
cow/interpreter.go:127.2,127.15 1 1
cow/interpreter.go:131.40,134.43 2 1
cow/interpreter.go:134.43,137.18 2 1
cow/interpreter.go:138.20,139.35 1 1
cow/interpreter.go:141.20,142.35 1 1
cow/interpreter.go:144.15,146.44 2 1
cow/interpreter.go:146.44,148.5 1 1
cow/interpreter.go:150.15,152.26 2 1
cow/interpreter.go:152.26,154.5 1 1
cow/interpreter.go:156.20,157.42 1 1
cow/interpreter.go:157.42,160.9 2 1
cow/interpreter.go:160.9,162.47 2 1
cow/interpreter.go:162.47,164.7 1 1
cow/interpreter.go:165.6,165.58 1 1
cow/interpreter.go:165.58,167.7 1 1
cow/interpreter.go:167.12,167.63 1 1
cow/interpreter.go:167.63,169.21 2 1
cow/interpreter.go:169.21,170.13 1 1
cow/interpreter.go:174.10,176.5 1 1
cow/interpreter.go:178.18,179.27 1 1
cow/interpreter.go:179.27,181.5 1 1
cow/interpreter.go:182.4,183.42 2 1
cow/interpreter.go:183.42,185.5 1 1
cow/interpreter.go:185.10,187.5 1 1
cow/interpreter.go:189.17,190.67 1 1
cow/interpreter.go:192.16,195.18 3 1
cow/interpreter.go:195.18,197.5 1 1
cow/interpreter.go:198.4,198.41 1 1
cow/interpreter.go:200.18,202.60 2 1
cow/interpreter.go:202.60,204.5 1 1
cow/interpreter.go:206.4,211.19 4 1
cow/interpreter.go:212.21,213.36 1 1
cow/interpreter.go:214.21,215.36 1 0
cow/interpreter.go:216.16,217.21 1 0
cow/interpreter.go:218.16,219.21 1 0
cow/interpreter.go:220.18,221.68 1 1
cow/interpreter.go:222.16,223.38 1 1
cow/interpreter.go:226.4,226.23 1 1
cow/interpreter.go:228.22,229.42 1 1
cow/interpreter.go:229.42,233.19 3 1
cow/interpreter.go:233.19,235.6 1 1
cow/interpreter.go:236.5,236.42 1 1
cow/interpreter.go:237.10,240.5 1 1
cow/interpreter.go:242.15,243.37 1 1
cow/interpreter.go:246.3,246.14 1 1
cow/interpreter.go:249.2,249.12 1 1
cow/interpreter.go:253.46,255.2 1 1
cow/interpreter.go:258.45,260.2 1 1
cow/interpreter.go:263.56,264.46 1 1
cow/interpreter.go:264.46,266.3 1 1
cow/main.go:8.13,9.22 1 0
cow/main.go:9.22,12.3 2 0
cow/main.go:14.2,16.16 3 0
cow/main.go:16.16,19.3 2 0
cow/main.go:21.2,24.16 3 0
cow/main.go:24.16,27.3 2 0
cow/main.go:29.2,30.16 2 0
cow/main.go:30.16,33.3 2 0
