mode: set
pascal/interpreter.go:13.36,17.2 1 1
pascal/interpreter.go:20.57,22.2 1 1
pascal/interpreter.go:25.71,26.34 1 1
pascal/interpreter.go:26.34,28.17 2 1
pascal/interpreter.go:28.17,30.4 1 1
pascal/interpreter.go:32.2,32.12 1 1
pascal/interpreter.go:36.62,37.26 1 1
pascal/interpreter.go:38.19,40.17 2 1
pascal/interpreter.go:40.17,42.4 1 1
pascal/interpreter.go:43.3,44.13 2 1
pascal/interpreter.go:45.14,46.43 1 1
pascal/interpreter.go:47.10,48.82 1 1
pascal/interpreter.go:53.76,54.26 1 1
pascal/interpreter.go:55.15,56.22 1 1
pascal/interpreter.go:57.19,59.10 2 1
pascal/interpreter.go:59.10,62.4 1 1
pascal/interpreter.go:63.3,63.20 1 1
pascal/interpreter.go:64.17,66.17 2 1
pascal/interpreter.go:66.17,68.4 1 1
pascal/interpreter.go:70.3,71.17 2 1
pascal/interpreter.go:71.17,73.4 1 1
pascal/interpreter.go:75.3,75.21 1 1
pascal/interpreter.go:76.18,77.28 1 1
pascal/interpreter.go:78.19,79.28 1 1
pascal/interpreter.go:80.22,81.28 1 1
pascal/interpreter.go:82.20,83.18 1 1
pascal/interpreter.go:83.18,85.5 1 1
pascal/interpreter.go:86.4,86.28 1 1
pascal/interpreter.go:87.11,88.83 1 1
pascal/interpreter.go:90.10,91.85 1 1
pascal/interpreter.go:96.57,99.32 2 1
pascal/interpreter.go:99.32,101.3 1 1
pascal/interpreter.go:102.2,102.15 1 1
pascal/lexer.go:45.36,52.2 1 1
pascal/lexer.go:55.45,56.27 1 1
pascal/lexer.go:56.27,58.28 2 1
pascal/lexer.go:58.28,59.9 1 1
pascal/lexer.go:62.3,63.16 2 1
pascal/lexer.go:63.16,64.9 1 0
pascal/lexer.go:67.3,67.10 1 1
pascal/lexer.go:68.17,70.15 2 1
pascal/lexer.go:71.17,73.15 2 1
pascal/lexer.go:74.17,77.29 2 1
pascal/lexer.go:77.29,79.32 2 1
pascal/lexer.go:79.32,80.11 1 1
pascal/lexer.go:82.5,82.16 1 1
pascal/lexer.go:84.4,84.53 1 1
pascal/lexer.go:84.53,87.5 2 1
pascal/lexer.go:87.10,89.5 1 1
pascal/lexer.go:90.17,92.15 2 1
pascal/lexer.go:93.17,95.15 2 1
pascal/lexer.go:96.17,98.15 2 1
pascal/lexer.go:99.17,101.15 2 1
pascal/lexer.go:102.17,104.15 2 1
pascal/lexer.go:105.17,107.15 2 1
pascal/lexer.go:108.27,109.18 1 1
pascal/lexer.go:110.28,111.22 1 1
pascal/lexer.go:112.11,113.103 1 1
pascal/lexer.go:117.2,118.22 2 1
pascal/lexer.go:121.34,122.27 1 1
pascal/lexer.go:122.27,124.16 2 1
pascal/lexer.go:124.16,125.9 1 0
pascal/lexer.go:127.3,127.26 1 1
pascal/lexer.go:127.26,128.9 1 1
pascal/lexer.go:130.3,130.14 1 1
pascal/lexer.go:132.2,132.17 1 1
pascal/lexer.go:135.30,136.27 1 1
pascal/lexer.go:136.27,138.39 2 1
pascal/lexer.go:138.39,139.9 1 1
pascal/lexer.go:141.3,141.14 1 1
pascal/lexer.go:143.2,143.21 1 1
pascal/lexer.go:146.34,147.27 1 1
pascal/lexer.go:147.27,149.65 2 1
pascal/lexer.go:149.65,150.9 1 1
pascal/lexer.go:152.3,152.14 1 1
pascal/lexer.go:154.2,157.15 2 1
pascal/lexer.go:158.15,159.21 1 1
pascal/lexer.go:160.13,161.19 1 1
pascal/lexer.go:162.10,163.26 1 1
pascal/lexer.go:167.40,168.27 1 1
pascal/lexer.go:168.27,170.3 1 1
pascal/lexer.go:171.2,171.49 1 1
pascal/lexer.go:174.33,175.29 1 1
pascal/lexer.go:175.29,177.3 1 1
pascal/lexer.go:178.2,179.10 2 1
pascal/lexer.go:182.27,183.26 1 1
pascal/lexer.go:183.26,186.3 2 1
pascal/lexer.go:189.35,197.2 3 1
pascal/main.go:9.44,11.16 2 1
pascal/main.go:11.16,13.3 1 1
pascal/main.go:16.2,18.16 3 1
pascal/main.go:18.16,20.3 1 1
pascal/main.go:23.2,25.16 3 1
pascal/main.go:25.16,27.3 1 1
pascal/main.go:30.2,32.16 3 1
pascal/main.go:32.16,34.3 1 1
pascal/main.go:37.2,38.25 2 1
pascal/main.go:38.25,40.3 1 1
pascal/main.go:40.8,43.38 3 1
pascal/main.go:43.38,44.14 1 1
pascal/main.go:44.14,46.5 1 1
pascal/main.go:48.4,48.38 1 1
pascal/main.go:48.38,50.5 1 1
pascal/main.go:50.10,52.5 1 1
pascal/main.go:53.4,53.17 1 1
pascal/main.go:55.3,55.19 1 1
pascal/main.go:57.2,57.12 1 1
pascal/main.go:60.13,62.2 1 0
pascal/main.go:65.29,66.22 1 1
pascal/main.go:66.22,69.3 2 1
pascal/main.go:71.2,72.16 2 1
pascal/main.go:72.16,75.3 2 1
pascal/main.go:76.2,76.10 1 1
pascal/parser.go:17.35,19.2 1 1
pascal/parser.go:33.38,35.2 1 1
pascal/parser.go:36.38,38.2 1 1
pascal/parser.go:45.33,47.2 1 1
pascal/parser.go:48.33,50.2 1 1
pascal/parser.go:63.35,65.2 1 1
pascal/parser.go:66.34,68.2 1 1
pascal/parser.go:75.39,77.2 1 1
pascal/parser.go:78.38,80.2 1 1
pascal/parser.go:89.37,91.2 1 1
pascal/parser.go:92.36,94.20 2 1
pascal/parser.go:95.17,96.11 1 1
pascal/parser.go:97.18,98.11 1 1
pascal/parser.go:99.21,100.11 1 1
pascal/parser.go:101.19,102.11 1 1
pascal/parser.go:104.2,104.63 1 1
pascal/parser.go:114.40,119.2 1 1
pascal/parser.go:122.44,126.26 2 1
pascal/parser.go:126.26,128.3 1 1
pascal/parser.go:131.2,132.16 2 1
pascal/parser.go:132.16,134.3 1 1
pascal/parser.go:136.2,139.24 2 1
pascal/parser.go:139.24,141.3 1 0
pascal/parser.go:144.2,144.24 1 1
pascal/parser.go:144.24,146.3 1 1
pascal/parser.go:149.2,149.24 1 1
pascal/parser.go:149.24,151.3 1 1
pascal/parser.go:153.2,153.21 1 1
pascal/parser.go:157.47,160.6 2 1
pascal/parser.go:160.6,162.24 1 1
pascal/parser.go:162.24,163.9 1 1
pascal/parser.go:167.3,168.17 2 1
pascal/parser.go:168.17,170.4 1 1
pascal/parser.go:172.3,175.24 2 1
pascal/parser.go:175.24,176.9 1 1
pascal/parser.go:180.2,180.19 1 1
pascal/parser.go:184.54,186.25 1 1
pascal/parser.go:186.25,188.17 2 1
pascal/parser.go:188.17,190.4 1 1
pascal/parser.go:192.3,192.25 1 1
pascal/parser.go:192.25,194.4 1 0
pascal/parser.go:197.3,197.30 1 1
pascal/parser.go:197.30,199.4 1 1
pascal/parser.go:201.3,201.20 1 1
pascal/parser.go:205.2,205.30 1 1
pascal/parser.go:205.30,209.28 3 1
pascal/parser.go:209.28,211.4 1 1
pascal/parser.go:213.3,214.17 2 1
pascal/parser.go:214.17,216.4 1 1
pascal/parser.go:219.3,219.30 1 1
pascal/parser.go:219.30,221.4 1 1
pascal/parser.go:223.3,226.9 1 1
pascal/parser.go:229.2,229.118 1 1
pascal/parser.go:233.56,235.2 1 1
pascal/parser.go:238.54,240.16 2 1
pascal/parser.go:240.16,242.3 1 1
pascal/parser.go:244.2,244.48 1 1
pascal/parser.go:244.48,249.17 4 1
pascal/parser.go:249.17,251.4 1 1
pascal/parser.go:253.3,257.4 1 1
pascal/parser.go:260.2,260.18 1 1
pascal/parser.go:264.60,266.16 2 1
pascal/parser.go:266.16,268.3 1 1
pascal/parser.go:270.2,270.53 1 1
pascal/parser.go:270.53,275.17 4 1
pascal/parser.go:275.17,277.4 1 1
pascal/parser.go:279.3,283.4 1 1
pascal/parser.go:286.2,286.18 1 1
pascal/parser.go:290.51,291.25 1 1
pascal/parser.go:291.25,294.17 3 1
pascal/parser.go:294.17,296.4 1 1
pascal/parser.go:297.3,301.9 1 1
pascal/parser.go:304.2,304.25 1 1
pascal/parser.go:308.53,309.26 1 1
pascal/parser.go:309.26,314.3 4 1
pascal/parser.go:316.2,316.30 1 1
pascal/parser.go:316.30,320.3 3 1
pascal/parser.go:322.2,322.26 1 1
pascal/parser.go:322.26,324.17 2 1
pascal/parser.go:324.17,326.4 1 1
pascal/parser.go:328.3,328.28 1 1
pascal/parser.go:328.28,330.4 1 1
pascal/parser.go:332.3,332.19 1 1
pascal/parser.go:335.2,335.118 1 1
pascal/parser.go:338.34,339.28 1 1
pascal/parser.go:339.28,341.3 1 1
pascal/parser.go:342.2,342.24 1 1
pascal/parser.go:345.28,346.27 1 1
pascal/parser.go:346.27,348.3 1 1
pascal/parser.go:351.42,353.2 1 1
pascal/parser.go:355.42,356.16 1 1
pascal/parser.go:356.16,359.3 2 1
pascal/parser.go:360.2,360.14 1 1
